
****** Vivado(TM) HLS - High-Level Synthesis from C, C++ and SystemC v2017.4 (64-bit)
  **** SW Build 2086221 on Fri Dec 15 20:55:39 MST 2017
  **** IP Build 2085800 on Fri Dec 15 22:25:07 MST 2017
    ** Copyright 1986-2017 Xilinx, Inc. All Rights Reserved.

source C:/Xilinx/Vivado/2017.4/scripts/vivado_hls/hls.tcl -notrace
INFO: [HLS 200-10] Running 'C:/Xilinx/Vivado/2017.4/bin/unwrapped/win64.o/vivado_hls.exe'
INFO: [HLS 200-10] For user 'kevin' on host 'frink' (Windows NT_amd64 version 6.2) on Fri Aug 17 08:50:22 -0700 2018
INFO: [HLS 200-10] In directory 'C:/Xilinx/PYNQ-DL/resize/hls/resize'
resize/hls_script.tcl can't be opened.
couldn't read file "resize/hls_script.tcl": no such file or directory
    while executing
"source resize/hls_script.tcl"
    invoked from within
"hls::main resize/hls_script.tcl"
    ("uplevel" body line 1)
    invoked from within
"uplevel 1 hls::main {*}$args"
    (procedure "hls_proc" line 5)
    invoked from within
"hls_proc $argv"
INFO: [Common 17-206] Exiting vivado_hls at Fri Aug 17 08:50:23 2018...
